<?xml version="1.0" encoding="UTF-8"?>
<testsuite name="edu.sabana.poob.sabanapayroll.SavingsTest" tests="1" skipped="0" failures="0" errors="0" timestamp="2021-04-05T21:43:50" hostname="Cristians-MacBook-Pro.local" time="0.046">
  <properties/>
  <testcase name="shouldKeepBalance()" classname="edu.sabana.poob.sabanapayroll.SavingsTest" time="0.046"/>
  <system-out><![CDATA[]]></system-out>
  <system-err><![CDATA[]]></system-err>
</testsuite>
